<?xml version="1.0" encoding="UTF-8"?>
<testng-results ignored="0" total="1" passed="1" failed="0" skipped="0">
  <reporter-output>
  </reporter-output>
  <suite started-at="2023-10-15T08:59:09 EDT" name="Default suite" finished-at="2023-10-15T08:59:19 EDT" duration-ms="9724">
    <groups>
    </groups>
    <test started-at="2023-10-15T08:59:09 EDT" name="Default test" finished-at="2023-10-15T08:59:19 EDT" duration-ms="9724">
      <class name="runners.TestAccessibilityCompliance">
        <test-method signature="testOne()[pri:0, instance:runners.TestAccessibilityCompliance@2a265ea9]" started-at="2023-10-15T08:59:09 EDT" name="testOne" finished-at="2023-10-15T08:59:19 EDT" duration-ms="9528" status="PASS">
          <reporter-output>
          </reporter-output>
        </test-method> <!-- testOne -->
        <test-method is-config="true" signature="wrapUp()[pri:0, instance:runners.TestAccessibilityCompliance@2a265ea9]" started-at="2023-10-15T08:59:19 EDT" name="wrapUp" finished-at="2023-10-15T08:59:19 EDT" duration-ms="150" status="PASS">
          <reporter-output>
          </reporter-output>
        </test-method> <!-- wrapUp -->
      </class> <!-- runners.TestAccessibilityCompliance -->
    </test> <!-- Default test -->
  </suite> <!-- Default suite -->
</testng-results>
